<?xml version="1.0" encoding="UTF-8"?>
<!-- Generated by org.testng.reporters.JUnitReportReporter -->
<testsuite hostname="Leonidus-TOSH" failures="0" tests="1" name="Academy.validateTitle" time="0.086" errors="0" timestamp="30 окт. 2018 15:46:31 GMT" skipped="0">
  <testcase classname="Academy.validateTitle" name="basePageNavigation" time="0.086"/>
</testsuite> <!-- Academy.validateTitle -->
