<?xml version="1.0" encoding="UTF-8"?>
<!-- Generated by org.testng.reporters.JUnitReportReporter -->
<testsuite hostname="Leonidus-TOSH" failures="0" tests="1" name="Academy.validateNavigationBar" time="0.066" errors="0" timestamp="30 окт. 2018 15:46:31 GMT" skipped="0">
  <testcase classname="Academy.validateNavigationBar" name="basePageNavigation" time="0.066"/>
</testsuite> <!-- Academy.validateNavigationBar -->
