<?xml version="1.0" encoding="UTF-8"?>
<!-- Generated by org.testng.reporters.JUnitReportReporter -->
<testsuite hostname="Leonidus-TOSH" failures="0" tests="2" name="Academy.HomePage" time="41.806" errors="0" timestamp="30 окт. 2018 15:46:31 GMT" skipped="0">
  <testcase classname="Academy.HomePage" name="basePageNavigation" time="14.505"/>
  <testcase classname="Academy.HomePage" name="basePageNavigation" time="27.301"/>
</testsuite> <!-- Academy.HomePage -->
